<?xml version="1.0" encoding="UTF-8"?>
<testng-results ignored="0" total="1" passed="1" failed="0" skipped="0">
  <reporter-output>
  </reporter-output>
  <suite started-at="2020-08-07T13:58:52 CDT" name="Default suite" finished-at="2020-08-07T13:58:55 CDT" duration-ms="2799">
    <groups>
    </groups>
    <test started-at="2020-08-07T13:58:52 CDT" name="Default test" finished-at="2020-08-07T13:58:55 CDT" duration-ms="2799">
      <class name="apiTest.GetProject">
        <test-method signature="getProject()[pri:0, instance:apiTest.GetProject@2f465398]" started-at="2020-08-07T13:58:52 CDT" name="getProject" finished-at="2020-08-07T13:58:55 CDT" duration-ms="2732" status="PASS">
          <reporter-output>
          </reporter-output>
        </test-method> <!-- getProject -->
      </class> <!-- apiTest.GetProject -->
    </test> <!-- Default test -->
  </suite> <!-- Default suite -->
</testng-results>
